15:49:34.233 [restartedMain] DEBUG o.s.w.f.CommonsRequestLoggingFilter - Filter 'logFilter' configured for use
15:49:46.441 [restartedMain] DEBUG o.s.w.f.CommonsRequestLoggingFilter - Filter 'logFilter' configured for use
15:50:02.841 [http-nio-8080-exec-1] DEBUG o.s.w.f.CommonsRequestLoggingFilter - Before request [GET /tasks]
15:50:02.980 [http-nio-8080-exec-1] DEBUG o.s.w.f.CommonsRequestLoggingFilter - REQUEST DATA: GET /tasks]
15:50:02.981 [http-nio-8080-exec-2] DEBUG o.s.w.f.CommonsRequestLoggingFilter - Before request [GET /tasks]
15:50:02.986 [http-nio-8080-exec-2] DEBUG o.s.w.f.CommonsRequestLoggingFilter - REQUEST DATA: GET /tasks]
15:50:10.354 [http-nio-8080-exec-3] DEBUG o.s.w.f.CommonsRequestLoggingFilter - Before request [OPTIONS /tasks/27]
15:50:10.363 [http-nio-8080-exec-3] DEBUG o.s.w.f.CommonsRequestLoggingFilter - REQUEST DATA: OPTIONS /tasks/27]
15:50:10.365 [http-nio-8080-exec-4] DEBUG o.s.w.f.CommonsRequestLoggingFilter - Before request [PATCH /tasks/27]
15:50:10.450 [http-nio-8080-exec-4] DEBUG o.s.w.f.CommonsRequestLoggingFilter - REQUEST DATA: PATCH /tasks/27, payload={"name":"Tenth Task","description":"Now with model mapper.","dueDate":"2024-03-06T14:30","priority":"1"}]
15:50:10.456 [http-nio-8080-exec-5] DEBUG o.s.w.f.CommonsRequestLoggingFilter - Before request [GET /tasks]
15:50:10.460 [http-nio-8080-exec-5] DEBUG o.s.w.f.CommonsRequestLoggingFilter - REQUEST DATA: GET /tasks]
16:34:43.171 [restartedMain] DEBUG o.s.w.f.CommonsRequestLoggingFilter - Filter 'logFilter' configured for use
16:34:46.307 [http-nio-8080-exec-1] DEBUG o.s.w.f.CommonsRequestLoggingFilter - Before request [GET /tasks]
16:34:46.432 [http-nio-8080-exec-1] DEBUG o.s.w.f.CommonsRequestLoggingFilter - REQUEST DATA: GET /tasks]
16:34:46.433 [http-nio-8080-exec-2] DEBUG o.s.w.f.CommonsRequestLoggingFilter - Before request [GET /tasks]
16:34:46.437 [http-nio-8080-exec-2] DEBUG o.s.w.f.CommonsRequestLoggingFilter - REQUEST DATA: GET /tasks]
16:42:20.297 [http-nio-8080-exec-6] DEBUG o.s.w.f.CommonsRequestLoggingFilter - Before request [GET /tasks]
16:42:20.297 [http-nio-8080-exec-5] DEBUG o.s.w.f.CommonsRequestLoggingFilter - Before request [GET /tasks]
16:42:20.329 [http-nio-8080-exec-6] DEBUG o.s.w.f.CommonsRequestLoggingFilter - REQUEST DATA: GET /tasks]
16:42:20.329 [http-nio-8080-exec-5] DEBUG o.s.w.f.CommonsRequestLoggingFilter - REQUEST DATA: GET /tasks]
16:49:20.448 [http-nio-8080-exec-9] DEBUG o.s.w.f.CommonsRequestLoggingFilter - Before request [GET /tasks]
16:49:20.458 [http-nio-8080-exec-9] DEBUG o.s.w.f.CommonsRequestLoggingFilter - REQUEST DATA: GET /tasks]
16:49:29.733 [http-nio-8080-exec-10] DEBUG o.s.w.f.CommonsRequestLoggingFilter - Before request [GET /tasks]
16:49:29.752 [http-nio-8080-exec-10] DEBUG o.s.w.f.CommonsRequestLoggingFilter - REQUEST DATA: GET /tasks]
16:49:46.942 [http-nio-8080-exec-2] DEBUG o.s.w.f.CommonsRequestLoggingFilter - Before request [GET /tasks]
16:49:46.942 [http-nio-8080-exec-1] DEBUG o.s.w.f.CommonsRequestLoggingFilter - Before request [GET /tasks]
16:49:46.949 [http-nio-8080-exec-1] DEBUG o.s.w.f.CommonsRequestLoggingFilter - REQUEST DATA: GET /tasks]
16:49:46.949 [http-nio-8080-exec-2] DEBUG o.s.w.f.CommonsRequestLoggingFilter - REQUEST DATA: GET /tasks]
16:50:32.757 [http-nio-8080-exec-4] DEBUG o.s.w.f.CommonsRequestLoggingFilter - Before request [GET /tasks]
16:50:32.757 [http-nio-8080-exec-3] DEBUG o.s.w.f.CommonsRequestLoggingFilter - Before request [GET /tasks]
16:50:32.768 [http-nio-8080-exec-3] DEBUG o.s.w.f.CommonsRequestLoggingFilter - REQUEST DATA: GET /tasks]
16:50:32.768 [http-nio-8080-exec-4] DEBUG o.s.w.f.CommonsRequestLoggingFilter - REQUEST DATA: GET /tasks]
16:51:58.086 [http-nio-8080-exec-7] DEBUG o.s.w.f.CommonsRequestLoggingFilter - Before request [GET /tasks]
16:51:58.086 [http-nio-8080-exec-8] DEBUG o.s.w.f.CommonsRequestLoggingFilter - Before request [GET /tasks]
16:51:58.091 [http-nio-8080-exec-7] DEBUG o.s.w.f.CommonsRequestLoggingFilter - REQUEST DATA: GET /tasks]
16:51:58.092 [http-nio-8080-exec-8] DEBUG o.s.w.f.CommonsRequestLoggingFilter - REQUEST DATA: GET /tasks]
17:55:39.706 [http-nio-8080-exec-2] DEBUG o.s.w.f.CommonsRequestLoggingFilter - Before request [GET /tasks]
17:55:39.732 [http-nio-8080-exec-2] DEBUG o.s.w.f.CommonsRequestLoggingFilter - REQUEST DATA: GET /tasks]
17:58:58.239 [http-nio-8080-exec-4] DEBUG o.s.w.f.CommonsRequestLoggingFilter - Before request [GET /tasks]
17:58:58.248 [http-nio-8080-exec-4] DEBUG o.s.w.f.CommonsRequestLoggingFilter - REQUEST DATA: GET /tasks]
17:59:02.337 [http-nio-8080-exec-3] DEBUG o.s.w.f.CommonsRequestLoggingFilter - Before request [GET /tasks]
17:59:02.343 [http-nio-8080-exec-3] DEBUG o.s.w.f.CommonsRequestLoggingFilter - REQUEST DATA: GET /tasks]
17:59:19.533 [http-nio-8080-exec-5] DEBUG o.s.w.f.CommonsRequestLoggingFilter - Before request [GET /tasks]
17:59:19.538 [http-nio-8080-exec-5] DEBUG o.s.w.f.CommonsRequestLoggingFilter - REQUEST DATA: GET /tasks]
17:59:35.083 [http-nio-8080-exec-6] DEBUG o.s.w.f.CommonsRequestLoggingFilter - Before request [GET /tasks]
17:59:35.090 [http-nio-8080-exec-6] DEBUG o.s.w.f.CommonsRequestLoggingFilter - REQUEST DATA: GET /tasks]
18:00:09.992 [http-nio-8080-exec-7] DEBUG o.s.w.f.CommonsRequestLoggingFilter - Before request [GET /tasks]
18:00:10.009 [http-nio-8080-exec-7] DEBUG o.s.w.f.CommonsRequestLoggingFilter - REQUEST DATA: GET /tasks]
18:00:49.547 [http-nio-8080-exec-8] DEBUG o.s.w.f.CommonsRequestLoggingFilter - Before request [GET /tasks]
18:00:49.553 [http-nio-8080-exec-8] DEBUG o.s.w.f.CommonsRequestLoggingFilter - REQUEST DATA: GET /tasks]
18:01:01.668 [http-nio-8080-exec-10] DEBUG o.s.w.f.CommonsRequestLoggingFilter - Before request [GET /tasks]
18:01:01.674 [http-nio-8080-exec-10] DEBUG o.s.w.f.CommonsRequestLoggingFilter - REQUEST DATA: GET /tasks]
18:01:26.472 [http-nio-8080-exec-9] DEBUG o.s.w.f.CommonsRequestLoggingFilter - Before request [GET /tasks]
18:01:26.479 [http-nio-8080-exec-9] DEBUG o.s.w.f.CommonsRequestLoggingFilter - REQUEST DATA: GET /tasks]
18:01:31.018 [http-nio-8080-exec-2] DEBUG o.s.w.f.CommonsRequestLoggingFilter - Before request [GET /tasks]
18:01:31.023 [http-nio-8080-exec-2] DEBUG o.s.w.f.CommonsRequestLoggingFilter - REQUEST DATA: GET /tasks]
18:01:38.196 [http-nio-8080-exec-1] DEBUG o.s.w.f.CommonsRequestLoggingFilter - Before request [GET /tasks]
18:01:38.200 [http-nio-8080-exec-1] DEBUG o.s.w.f.CommonsRequestLoggingFilter - REQUEST DATA: GET /tasks]
18:02:14.624 [http-nio-8080-exec-4] DEBUG o.s.w.f.CommonsRequestLoggingFilter - Before request [GET /tasks]
18:02:14.634 [http-nio-8080-exec-4] DEBUG o.s.w.f.CommonsRequestLoggingFilter - REQUEST DATA: GET /tasks]
18:02:18.751 [http-nio-8080-exec-3] DEBUG o.s.w.f.CommonsRequestLoggingFilter - Before request [GET /tasks]
18:02:18.760 [http-nio-8080-exec-3] DEBUG o.s.w.f.CommonsRequestLoggingFilter - REQUEST DATA: GET /tasks]
18:02:41.656 [http-nio-8080-exec-5] DEBUG o.s.w.f.CommonsRequestLoggingFilter - Before request [GET /tasks]
18:02:41.661 [http-nio-8080-exec-5] DEBUG o.s.w.f.CommonsRequestLoggingFilter - REQUEST DATA: GET /tasks]
18:02:46.512 [http-nio-8080-exec-6] DEBUG o.s.w.f.CommonsRequestLoggingFilter - Before request [GET /tasks]
18:02:46.517 [http-nio-8080-exec-6] DEBUG o.s.w.f.CommonsRequestLoggingFilter - REQUEST DATA: GET /tasks]
18:03:03.889 [http-nio-8080-exec-7] DEBUG o.s.w.f.CommonsRequestLoggingFilter - Before request [GET /tasks]
18:03:03.902 [http-nio-8080-exec-7] DEBUG o.s.w.f.CommonsRequestLoggingFilter - REQUEST DATA: GET /tasks]
18:03:07.404 [http-nio-8080-exec-8] DEBUG o.s.w.f.CommonsRequestLoggingFilter - Before request [GET /tasks]
18:03:07.409 [http-nio-8080-exec-8] DEBUG o.s.w.f.CommonsRequestLoggingFilter - REQUEST DATA: GET /tasks]
18:03:12.126 [http-nio-8080-exec-10] DEBUG o.s.w.f.CommonsRequestLoggingFilter - Before request [GET /tasks]
18:03:12.132 [http-nio-8080-exec-10] DEBUG o.s.w.f.CommonsRequestLoggingFilter - REQUEST DATA: GET /tasks]
18:03:16.157 [http-nio-8080-exec-9] DEBUG o.s.w.f.CommonsRequestLoggingFilter - Before request [GET /tasks]
18:03:16.165 [http-nio-8080-exec-9] DEBUG o.s.w.f.CommonsRequestLoggingFilter - REQUEST DATA: GET /tasks]
18:03:20.207 [http-nio-8080-exec-2] DEBUG o.s.w.f.CommonsRequestLoggingFilter - Before request [GET /tasks]
18:03:20.220 [http-nio-8080-exec-2] DEBUG o.s.w.f.CommonsRequestLoggingFilter - REQUEST DATA: GET /tasks]
18:03:20.298 [http-nio-8080-exec-1] DEBUG o.s.w.f.CommonsRequestLoggingFilter - Before request [GET /tasks]
18:03:20.303 [http-nio-8080-exec-1] DEBUG o.s.w.f.CommonsRequestLoggingFilter - REQUEST DATA: GET /tasks]
18:03:26.168 [http-nio-8080-exec-4] DEBUG o.s.w.f.CommonsRequestLoggingFilter - Before request [GET /tasks]
18:03:26.174 [http-nio-8080-exec-4] DEBUG o.s.w.f.CommonsRequestLoggingFilter - REQUEST DATA: GET /tasks]
18:03:41.803 [http-nio-8080-exec-3] DEBUG o.s.w.f.CommonsRequestLoggingFilter - Before request [GET /tasks]
18:03:41.809 [http-nio-8080-exec-3] DEBUG o.s.w.f.CommonsRequestLoggingFilter - REQUEST DATA: GET /tasks]
18:03:47.801 [http-nio-8080-exec-5] DEBUG o.s.w.f.CommonsRequestLoggingFilter - Before request [GET /tasks]
18:03:47.805 [http-nio-8080-exec-5] DEBUG o.s.w.f.CommonsRequestLoggingFilter - REQUEST DATA: GET /tasks]
18:03:57.424 [http-nio-8080-exec-6] DEBUG o.s.w.f.CommonsRequestLoggingFilter - Before request [GET /tasks]
18:03:57.431 [http-nio-8080-exec-6] DEBUG o.s.w.f.CommonsRequestLoggingFilter - REQUEST DATA: GET /tasks]
18:04:04.223 [http-nio-8080-exec-7] DEBUG o.s.w.f.CommonsRequestLoggingFilter - Before request [GET /tasks]
18:04:04.230 [http-nio-8080-exec-7] DEBUG o.s.w.f.CommonsRequestLoggingFilter - REQUEST DATA: GET /tasks]
18:04:18.526 [http-nio-8080-exec-8] DEBUG o.s.w.f.CommonsRequestLoggingFilter - Before request [GET /tasks]
18:04:18.537 [http-nio-8080-exec-8] DEBUG o.s.w.f.CommonsRequestLoggingFilter - REQUEST DATA: GET /tasks]
18:04:24.350 [http-nio-8080-exec-10] DEBUG o.s.w.f.CommonsRequestLoggingFilter - Before request [GET /tasks]
18:04:24.356 [http-nio-8080-exec-10] DEBUG o.s.w.f.CommonsRequestLoggingFilter - REQUEST DATA: GET /tasks]
18:04:41.723 [http-nio-8080-exec-9] DEBUG o.s.w.f.CommonsRequestLoggingFilter - Before request [GET /tasks]
18:04:41.729 [http-nio-8080-exec-9] DEBUG o.s.w.f.CommonsRequestLoggingFilter - REQUEST DATA: GET /tasks]
18:04:56.867 [http-nio-8080-exec-2] DEBUG o.s.w.f.CommonsRequestLoggingFilter - Before request [GET /tasks]
18:04:56.871 [http-nio-8080-exec-2] DEBUG o.s.w.f.CommonsRequestLoggingFilter - REQUEST DATA: GET /tasks]
18:05:02.499 [http-nio-8080-exec-1] DEBUG o.s.w.f.CommonsRequestLoggingFilter - Before request [GET /tasks]
18:05:02.507 [http-nio-8080-exec-1] DEBUG o.s.w.f.CommonsRequestLoggingFilter - REQUEST DATA: GET /tasks]
18:05:08.549 [http-nio-8080-exec-4] DEBUG o.s.w.f.CommonsRequestLoggingFilter - Before request [GET /tasks]
18:05:08.554 [http-nio-8080-exec-4] DEBUG o.s.w.f.CommonsRequestLoggingFilter - REQUEST DATA: GET /tasks]
18:05:12.053 [http-nio-8080-exec-3] DEBUG o.s.w.f.CommonsRequestLoggingFilter - Before request [GET /tasks]
18:05:12.058 [http-nio-8080-exec-3] DEBUG o.s.w.f.CommonsRequestLoggingFilter - REQUEST DATA: GET /tasks]
18:05:26.323 [http-nio-8080-exec-5] DEBUG o.s.w.f.CommonsRequestLoggingFilter - Before request [GET /tasks]
18:05:26.328 [http-nio-8080-exec-5] DEBUG o.s.w.f.CommonsRequestLoggingFilter - REQUEST DATA: GET /tasks]
18:05:35.918 [http-nio-8080-exec-6] DEBUG o.s.w.f.CommonsRequestLoggingFilter - Before request [GET /tasks]
18:05:35.923 [http-nio-8080-exec-6] DEBUG o.s.w.f.CommonsRequestLoggingFilter - REQUEST DATA: GET /tasks]
18:06:33.016 [http-nio-8080-exec-7] DEBUG o.s.w.f.CommonsRequestLoggingFilter - Before request [GET /tasks]
18:06:33.021 [http-nio-8080-exec-7] DEBUG o.s.w.f.CommonsRequestLoggingFilter - REQUEST DATA: GET /tasks]
18:07:47.838 [http-nio-8080-exec-10] DEBUG o.s.w.f.CommonsRequestLoggingFilter - Before request [GET /tasks]
18:07:47.843 [http-nio-8080-exec-10] DEBUG o.s.w.f.CommonsRequestLoggingFilter - REQUEST DATA: GET /tasks]
18:07:56.935 [http-nio-8080-exec-9] DEBUG o.s.w.f.CommonsRequestLoggingFilter - Before request [GET /tasks]
18:07:56.942 [http-nio-8080-exec-9] DEBUG o.s.w.f.CommonsRequestLoggingFilter - REQUEST DATA: GET /tasks]
18:08:14.540 [http-nio-8080-exec-2] DEBUG o.s.w.f.CommonsRequestLoggingFilter - Before request [GET /tasks]
18:08:14.546 [http-nio-8080-exec-2] DEBUG o.s.w.f.CommonsRequestLoggingFilter - REQUEST DATA: GET /tasks]
18:08:24.567 [http-nio-8080-exec-1] DEBUG o.s.w.f.CommonsRequestLoggingFilter - Before request [GET /tasks]
18:08:24.572 [http-nio-8080-exec-1] DEBUG o.s.w.f.CommonsRequestLoggingFilter - REQUEST DATA: GET /tasks]
18:08:26.917 [http-nio-8080-exec-4] DEBUG o.s.w.f.CommonsRequestLoggingFilter - Before request [GET /tasks]
18:08:26.921 [http-nio-8080-exec-4] DEBUG o.s.w.f.CommonsRequestLoggingFilter - REQUEST DATA: GET /tasks]
18:08:34.085 [http-nio-8080-exec-3] DEBUG o.s.w.f.CommonsRequestLoggingFilter - Before request [GET /tasks]
18:08:34.089 [http-nio-8080-exec-3] DEBUG o.s.w.f.CommonsRequestLoggingFilter - REQUEST DATA: GET /tasks]
18:08:43.490 [http-nio-8080-exec-5] DEBUG o.s.w.f.CommonsRequestLoggingFilter - Before request [GET /tasks]
18:08:43.497 [http-nio-8080-exec-5] DEBUG o.s.w.f.CommonsRequestLoggingFilter - REQUEST DATA: GET /tasks]
18:15:22.085 [http-nio-8080-exec-7] DEBUG o.s.w.f.CommonsRequestLoggingFilter - Before request [GET /tasks]
18:15:22.101 [http-nio-8080-exec-7] DEBUG o.s.w.f.CommonsRequestLoggingFilter - REQUEST DATA: GET /tasks]
18:15:31.504 [http-nio-8080-exec-8] DEBUG o.s.w.f.CommonsRequestLoggingFilter - Before request [GET /tasks]
18:15:31.513 [http-nio-8080-exec-8] DEBUG o.s.w.f.CommonsRequestLoggingFilter - REQUEST DATA: GET /tasks]
18:15:34.574 [http-nio-8080-exec-10] DEBUG o.s.w.f.CommonsRequestLoggingFilter - Before request [OPTIONS /tasks/34]
18:15:34.601 [http-nio-8080-exec-10] DEBUG o.s.w.f.CommonsRequestLoggingFilter - REQUEST DATA: OPTIONS /tasks/34]
18:15:34.604 [http-nio-8080-exec-9] DEBUG o.s.w.f.CommonsRequestLoggingFilter - Before request [DELETE /tasks/34]
18:15:34.663 [http-nio-8080-exec-9] DEBUG o.s.w.f.CommonsRequestLoggingFilter - REQUEST DATA: DELETE /tasks/34]
18:15:34.669 [http-nio-8080-exec-2] DEBUG o.s.w.f.CommonsRequestLoggingFilter - Before request [GET /tasks]
18:15:34.673 [http-nio-8080-exec-2] DEBUG o.s.w.f.CommonsRequestLoggingFilter - REQUEST DATA: GET /tasks]
18:15:47.899 [http-nio-8080-exec-1] DEBUG o.s.w.f.CommonsRequestLoggingFilter - Before request [OPTIONS /tasks]
18:15:47.904 [http-nio-8080-exec-1] DEBUG o.s.w.f.CommonsRequestLoggingFilter - REQUEST DATA: OPTIONS /tasks]
18:15:47.910 [http-nio-8080-exec-1] DEBUG o.s.w.f.CommonsRequestLoggingFilter - Before request [POST /tasks]
18:15:48.002 [http-nio-8080-exec-1] DEBUG o.s.w.f.CommonsRequestLoggingFilter - REQUEST DATA: POST /tasks, payload={"name":"Weeew","description":"wewewewe","dueDate":"2024-03-30T22:15","priority":"5"}]
18:15:48.007 [http-nio-8080-exec-4] DEBUG o.s.w.f.CommonsRequestLoggingFilter - Before request [GET /tasks]
18:15:48.011 [http-nio-8080-exec-4] DEBUG o.s.w.f.CommonsRequestLoggingFilter - REQUEST DATA: GET /tasks]
18:17:24.538 [http-nio-8080-exec-5] DEBUG o.s.w.f.CommonsRequestLoggingFilter - Before request [GET /tasks]
18:17:24.547 [http-nio-8080-exec-5] DEBUG o.s.w.f.CommonsRequestLoggingFilter - REQUEST DATA: GET /tasks]
18:17:26.975 [http-nio-8080-exec-6] DEBUG o.s.w.f.CommonsRequestLoggingFilter - Before request [GET /tasks]
18:17:26.982 [http-nio-8080-exec-6] DEBUG o.s.w.f.CommonsRequestLoggingFilter - REQUEST DATA: GET /tasks]
18:17:38.434 [http-nio-8080-exec-7] DEBUG o.s.w.f.CommonsRequestLoggingFilter - Before request [GET /tasks]
18:17:38.443 [http-nio-8080-exec-7] DEBUG o.s.w.f.CommonsRequestLoggingFilter - REQUEST DATA: GET /tasks]
18:17:51.758 [http-nio-8080-exec-8] DEBUG o.s.w.f.CommonsRequestLoggingFilter - Before request [GET /tasks]
18:17:51.766 [http-nio-8080-exec-8] DEBUG o.s.w.f.CommonsRequestLoggingFilter - REQUEST DATA: GET /tasks]
18:18:10.713 [http-nio-8080-exec-10] DEBUG o.s.w.f.CommonsRequestLoggingFilter - Before request [GET /tasks]
18:18:10.722 [http-nio-8080-exec-10] DEBUG o.s.w.f.CommonsRequestLoggingFilter - REQUEST DATA: GET /tasks]
18:18:15.108 [http-nio-8080-exec-9] DEBUG o.s.w.f.CommonsRequestLoggingFilter - Before request [GET /tasks]
18:18:15.116 [http-nio-8080-exec-9] DEBUG o.s.w.f.CommonsRequestLoggingFilter - REQUEST DATA: GET /tasks]
18:18:30.800 [http-nio-8080-exec-2] DEBUG o.s.w.f.CommonsRequestLoggingFilter - Before request [GET /tasks]
18:18:30.804 [http-nio-8080-exec-2] DEBUG o.s.w.f.CommonsRequestLoggingFilter - REQUEST DATA: GET /tasks]
18:19:16.630 [http-nio-8080-exec-1] DEBUG o.s.w.f.CommonsRequestLoggingFilter - Before request [GET /tasks]
18:19:16.636 [http-nio-8080-exec-1] DEBUG o.s.w.f.CommonsRequestLoggingFilter - REQUEST DATA: GET /tasks]
18:19:37.773 [http-nio-8080-exec-4] DEBUG o.s.w.f.CommonsRequestLoggingFilter - Before request [GET /tasks]
18:19:37.780 [http-nio-8080-exec-4] DEBUG o.s.w.f.CommonsRequestLoggingFilter - REQUEST DATA: GET /tasks]
18:19:40.726 [http-nio-8080-exec-3] DEBUG o.s.w.f.CommonsRequestLoggingFilter - Before request [GET /tasks]
18:19:40.734 [http-nio-8080-exec-3] DEBUG o.s.w.f.CommonsRequestLoggingFilter - REQUEST DATA: GET /tasks]
18:20:09.740 [http-nio-8080-exec-5] DEBUG o.s.w.f.CommonsRequestLoggingFilter - Before request [GET /tasks]
18:20:09.745 [http-nio-8080-exec-5] DEBUG o.s.w.f.CommonsRequestLoggingFilter - REQUEST DATA: GET /tasks]
18:20:22.288 [http-nio-8080-exec-6] DEBUG o.s.w.f.CommonsRequestLoggingFilter - Before request [GET /tasks]
18:20:22.292 [http-nio-8080-exec-6] DEBUG o.s.w.f.CommonsRequestLoggingFilter - REQUEST DATA: GET /tasks]
18:30:22.369 [http-nio-8080-exec-8] DEBUG o.s.w.f.CommonsRequestLoggingFilter - Before request [GET /tasks]
18:30:22.398 [http-nio-8080-exec-8] DEBUG o.s.w.f.CommonsRequestLoggingFilter - REQUEST DATA: GET /tasks]
18:30:22.399 [http-nio-8080-exec-10] DEBUG o.s.w.f.CommonsRequestLoggingFilter - Before request [GET /tasks]
18:30:22.403 [http-nio-8080-exec-10] DEBUG o.s.w.f.CommonsRequestLoggingFilter - REQUEST DATA: GET /tasks]
18:30:57.518 [http-nio-8080-exec-9] DEBUG o.s.w.f.CommonsRequestLoggingFilter - Before request [GET /tasks]
18:30:57.540 [http-nio-8080-exec-9] DEBUG o.s.w.f.CommonsRequestLoggingFilter - REQUEST DATA: GET /tasks]
18:30:57.541 [http-nio-8080-exec-9] DEBUG o.s.w.f.CommonsRequestLoggingFilter - Before request [GET /tasks]
18:30:57.546 [http-nio-8080-exec-9] DEBUG o.s.w.f.CommonsRequestLoggingFilter - REQUEST DATA: GET /tasks]
20:03:37.873 [http-nio-8080-exec-4] DEBUG o.s.w.f.CommonsRequestLoggingFilter - Before request [GET /tasks]
20:03:37.910 [http-nio-8080-exec-4] DEBUG o.s.w.f.CommonsRequestLoggingFilter - REQUEST DATA: GET /tasks]
20:03:37.910 [http-nio-8080-exec-3] DEBUG o.s.w.f.CommonsRequestLoggingFilter - Before request [GET /tasks]
20:03:37.915 [http-nio-8080-exec-3] DEBUG o.s.w.f.CommonsRequestLoggingFilter - REQUEST DATA: GET /tasks]
20:13:19.195 [http-nio-8080-exec-7] DEBUG o.s.w.f.CommonsRequestLoggingFilter - Before request [OPTIONS /tasks/27]
20:13:19.208 [http-nio-8080-exec-7] DEBUG o.s.w.f.CommonsRequestLoggingFilter - REQUEST DATA: OPTIONS /tasks/27]
20:13:19.213 [http-nio-8080-exec-8] DEBUG o.s.w.f.CommonsRequestLoggingFilter - Before request [PATCH /tasks/27]
20:13:19.286 [http-nio-8080-exec-8] DEBUG o.s.w.f.CommonsRequestLoggingFilter - REQUEST DATA: PATCH /tasks/27, payload={"name":"First","description":"Now with model mapper.","dueDate":"2024-03-06T14:30","priority":"1"}]
20:13:19.289 [http-nio-8080-exec-10] DEBUG o.s.w.f.CommonsRequestLoggingFilter - Before request [GET /tasks]
20:13:19.294 [http-nio-8080-exec-10] DEBUG o.s.w.f.CommonsRequestLoggingFilter - REQUEST DATA: GET /tasks]
20:17:58.244 [http-nio-8080-exec-2] DEBUG o.s.w.f.CommonsRequestLoggingFilter - Before request [GET /tasks]
20:17:58.250 [http-nio-8080-exec-2] DEBUG o.s.w.f.CommonsRequestLoggingFilter - REQUEST DATA: GET /tasks]
20:18:06.431 [http-nio-8080-exec-1] DEBUG o.s.w.f.CommonsRequestLoggingFilter - Before request [GET /tasks]
20:18:06.435 [http-nio-8080-exec-1] DEBUG o.s.w.f.CommonsRequestLoggingFilter - REQUEST DATA: GET /tasks]
20:18:25.604 [http-nio-8080-exec-4] DEBUG o.s.w.f.CommonsRequestLoggingFilter - Before request [GET /tasks]
20:18:25.609 [http-nio-8080-exec-4] DEBUG o.s.w.f.CommonsRequestLoggingFilter - REQUEST DATA: GET /tasks]
20:22:31.310 [http-nio-8080-exec-6] DEBUG o.s.w.f.CommonsRequestLoggingFilter - Before request [GET /tasks]
20:22:31.346 [http-nio-8080-exec-6] DEBUG o.s.w.f.CommonsRequestLoggingFilter - REQUEST DATA: GET /tasks]
20:22:34.770 [http-nio-8080-exec-5] DEBUG o.s.w.f.CommonsRequestLoggingFilter - Before request [GET /tasks]
20:22:34.774 [http-nio-8080-exec-5] DEBUG o.s.w.f.CommonsRequestLoggingFilter - REQUEST DATA: GET /tasks]
20:22:42.634 [http-nio-8080-exec-7] DEBUG o.s.w.f.CommonsRequestLoggingFilter - Before request [GET /tasks]
20:22:42.639 [http-nio-8080-exec-7] DEBUG o.s.w.f.CommonsRequestLoggingFilter - REQUEST DATA: GET /tasks]
20:22:48.623 [http-nio-8080-exec-8] DEBUG o.s.w.f.CommonsRequestLoggingFilter - Before request [GET /tasks]
20:22:48.652 [http-nio-8080-exec-8] DEBUG o.s.w.f.CommonsRequestLoggingFilter - REQUEST DATA: GET /tasks]
20:29:18.241 [http-nio-8080-exec-9] DEBUG o.s.w.f.CommonsRequestLoggingFilter - Before request [OPTIONS /tasks/35]
20:29:18.246 [http-nio-8080-exec-9] DEBUG o.s.w.f.CommonsRequestLoggingFilter - REQUEST DATA: OPTIONS /tasks/35]
20:29:18.251 [http-nio-8080-exec-2] DEBUG o.s.w.f.CommonsRequestLoggingFilter - Before request [DELETE /tasks/35]
20:29:18.276 [http-nio-8080-exec-2] DEBUG o.s.w.f.CommonsRequestLoggingFilter - REQUEST DATA: DELETE /tasks/35]
20:29:18.283 [http-nio-8080-exec-1] DEBUG o.s.w.f.CommonsRequestLoggingFilter - Before request [GET /tasks]
20:29:18.288 [http-nio-8080-exec-1] DEBUG o.s.w.f.CommonsRequestLoggingFilter - REQUEST DATA: GET /tasks]
20:29:26.290 [http-nio-8080-exec-4] DEBUG o.s.w.f.CommonsRequestLoggingFilter - Before request [OPTIONS /tasks/29]
20:29:26.296 [http-nio-8080-exec-4] DEBUG o.s.w.f.CommonsRequestLoggingFilter - REQUEST DATA: OPTIONS /tasks/29]
20:29:26.298 [http-nio-8080-exec-4] DEBUG o.s.w.f.CommonsRequestLoggingFilter - Before request [DELETE /tasks/29]
20:29:26.315 [http-nio-8080-exec-4] DEBUG o.s.w.f.CommonsRequestLoggingFilter - REQUEST DATA: DELETE /tasks/29]
20:29:26.321 [http-nio-8080-exec-3] DEBUG o.s.w.f.CommonsRequestLoggingFilter - Before request [GET /tasks]
20:29:26.346 [http-nio-8080-exec-3] DEBUG o.s.w.f.CommonsRequestLoggingFilter - REQUEST DATA: GET /tasks]
20:29:27.517 [http-nio-8080-exec-6] DEBUG o.s.w.f.CommonsRequestLoggingFilter - Before request [OPTIONS /tasks/28]
20:29:27.519 [http-nio-8080-exec-6] DEBUG o.s.w.f.CommonsRequestLoggingFilter - REQUEST DATA: OPTIONS /tasks/28]
20:29:27.520 [http-nio-8080-exec-5] DEBUG o.s.w.f.CommonsRequestLoggingFilter - Before request [DELETE /tasks/28]
20:29:27.530 [http-nio-8080-exec-5] DEBUG o.s.w.f.CommonsRequestLoggingFilter - REQUEST DATA: DELETE /tasks/28]
20:29:27.535 [http-nio-8080-exec-7] DEBUG o.s.w.f.CommonsRequestLoggingFilter - Before request [GET /tasks]
20:29:27.543 [http-nio-8080-exec-7] DEBUG o.s.w.f.CommonsRequestLoggingFilter - REQUEST DATA: GET /tasks]
20:29:28.854 [http-nio-8080-exec-8] DEBUG o.s.w.f.CommonsRequestLoggingFilter - Before request [DELETE /tasks/27]
20:29:28.874 [http-nio-8080-exec-8] DEBUG o.s.w.f.CommonsRequestLoggingFilter - REQUEST DATA: DELETE /tasks/27]
20:29:28.882 [http-nio-8080-exec-10] DEBUG o.s.w.f.CommonsRequestLoggingFilter - Before request [GET /tasks]
20:29:28.907 [http-nio-8080-exec-10] DEBUG o.s.w.f.CommonsRequestLoggingFilter - REQUEST DATA: GET /tasks]
20:30:39.842 [http-nio-8080-exec-2] DEBUG o.s.w.f.CommonsRequestLoggingFilter - Before request [GET /tasks]
20:30:39.851 [http-nio-8080-exec-2] DEBUG o.s.w.f.CommonsRequestLoggingFilter - REQUEST DATA: GET /tasks]
20:31:36.815 [http-nio-8080-exec-1] DEBUG o.s.w.f.CommonsRequestLoggingFilter - Before request [OPTIONS /tasks]
20:31:36.820 [http-nio-8080-exec-1] DEBUG o.s.w.f.CommonsRequestLoggingFilter - REQUEST DATA: OPTIONS /tasks]
20:31:36.826 [http-nio-8080-exec-4] DEBUG o.s.w.f.CommonsRequestLoggingFilter - Before request [POST /tasks]
20:31:36.883 [http-nio-8080-exec-4] DEBUG o.s.w.f.CommonsRequestLoggingFilter - REQUEST DATA: POST /tasks, payload={"name":"Finish Styling","description":"","dueDate":"2024-03-08T00:31","priority":"5"}]
20:31:36.910 [http-nio-8080-exec-3] DEBUG o.s.w.f.CommonsRequestLoggingFilter - Before request [GET /tasks]
20:31:36.913 [http-nio-8080-exec-3] DEBUG o.s.w.f.CommonsRequestLoggingFilter - REQUEST DATA: GET /tasks]
20:32:10.976 [http-nio-8080-exec-6] DEBUG o.s.w.f.CommonsRequestLoggingFilter - Before request [POST /tasks]
20:32:11.007 [http-nio-8080-exec-6] DEBUG o.s.w.f.CommonsRequestLoggingFilter - REQUEST DATA: POST /tasks, payload={"name":"Finish Styling","description":"Finish Styling the friggn website","dueDate":"2024-03-08T00:32","priority":"5"}]
20:32:11.012 [http-nio-8080-exec-5] DEBUG o.s.w.f.CommonsRequestLoggingFilter - Before request [GET /tasks]
20:32:11.023 [http-nio-8080-exec-5] DEBUG o.s.w.f.CommonsRequestLoggingFilter - REQUEST DATA: GET /tasks]
20:35:38.575 [http-nio-8080-exec-8] DEBUG o.s.w.f.CommonsRequestLoggingFilter - Before request [OPTIONS /tasks/36]
20:35:38.587 [http-nio-8080-exec-8] DEBUG o.s.w.f.CommonsRequestLoggingFilter - REQUEST DATA: OPTIONS /tasks/36]
20:35:38.590 [http-nio-8080-exec-10] DEBUG o.s.w.f.CommonsRequestLoggingFilter - Before request [DELETE /tasks/36]
20:35:38.629 [http-nio-8080-exec-10] DEBUG o.s.w.f.CommonsRequestLoggingFilter - REQUEST DATA: DELETE /tasks/36]
20:35:38.632 [http-nio-8080-exec-9] DEBUG o.s.w.f.CommonsRequestLoggingFilter - Before request [GET /tasks]
20:35:38.639 [http-nio-8080-exec-9] DEBUG o.s.w.f.CommonsRequestLoggingFilter - REQUEST DATA: GET /tasks]
20:36:12.820 [http-nio-8080-exec-2] DEBUG o.s.w.f.CommonsRequestLoggingFilter - Before request [POST /tasks]
20:36:12.839 [http-nio-8080-exec-2] DEBUG o.s.w.f.CommonsRequestLoggingFilter - REQUEST DATA: POST /tasks, payload={"name":"Finish Styling","description":"Modal, Fonts, Icons, Tags, Sizing","dueDate":"2024-03-08T00:36","priority":"5"}]
20:36:12.841 [http-nio-8080-exec-1] DEBUG o.s.w.f.CommonsRequestLoggingFilter - Before request [GET /tasks]
20:36:12.849 [http-nio-8080-exec-1] DEBUG o.s.w.f.CommonsRequestLoggingFilter - REQUEST DATA: GET /tasks]
20:37:49.212 [http-nio-8080-exec-3] DEBUG o.s.w.f.CommonsRequestLoggingFilter - Before request [GET /tasks]
20:37:49.216 [http-nio-8080-exec-3] DEBUG o.s.w.f.CommonsRequestLoggingFilter - REQUEST DATA: GET /tasks]
20:39:38.579 [http-nio-8080-exec-5] DEBUG o.s.w.f.CommonsRequestLoggingFilter - Before request [POST /tasks]
20:39:38.610 [http-nio-8080-exec-5] DEBUG o.s.w.f.CommonsRequestLoggingFilter - REQUEST DATA: POST /tasks, payload={"name":"Log my timesheets","description":"Go put my hours into the system","dueDate":"2024-03-08T09:00","priority":"2"}]
20:39:38.616 [http-nio-8080-exec-7] DEBUG o.s.w.f.CommonsRequestLoggingFilter - Before request [GET /tasks]
20:39:38.625 [http-nio-8080-exec-7] DEBUG o.s.w.f.CommonsRequestLoggingFilter - REQUEST DATA: GET /tasks]
20:40:03.475 [http-nio-8080-exec-8] DEBUG o.s.w.f.CommonsRequestLoggingFilter - Before request [OPTIONS /tasks/38]
20:40:03.477 [http-nio-8080-exec-8] DEBUG o.s.w.f.CommonsRequestLoggingFilter - REQUEST DATA: OPTIONS /tasks/38]
20:40:03.479 [http-nio-8080-exec-10] DEBUG o.s.w.f.CommonsRequestLoggingFilter - Before request [PATCH /tasks/38]
20:40:03.528 [http-nio-8080-exec-10] DEBUG o.s.w.f.CommonsRequestLoggingFilter - REQUEST DATA: PATCH /tasks/38, payload={"name":"Log my timesheetz","description":"Go put my hours into the system","dueDate":"2024-03-08T09:00","priority":"1"}]
20:40:03.534 [http-nio-8080-exec-9] DEBUG o.s.w.f.CommonsRequestLoggingFilter - Before request [GET /tasks]
20:40:03.550 [http-nio-8080-exec-9] DEBUG o.s.w.f.CommonsRequestLoggingFilter - REQUEST DATA: GET /tasks]
20:42:20.441 [http-nio-8080-exec-1] DEBUG o.s.w.f.CommonsRequestLoggingFilter - Before request [POST /tasks]
20:42:20.473 [http-nio-8080-exec-1] DEBUG o.s.w.f.CommonsRequestLoggingFilter - REQUEST DATA: POST /tasks, payload={"name":"Testing","description":"Fix all pre existing test suites","dueDate":"2024-03-08T00:00","priority":"5"}]
20:42:20.478 [http-nio-8080-exec-4] DEBUG o.s.w.f.CommonsRequestLoggingFilter - Before request [GET /tasks]
20:42:20.490 [http-nio-8080-exec-4] DEBUG o.s.w.f.CommonsRequestLoggingFilter - REQUEST DATA: GET /tasks]
20:42:52.732 [http-nio-8080-exec-3] DEBUG o.s.w.f.CommonsRequestLoggingFilter - Before request [POST /tasks]
20:42:52.825 [http-nio-8080-exec-3] DEBUG o.s.w.f.CommonsRequestLoggingFilter - REQUEST DATA: POST /tasks, payload={"name":"This is a description test","description":"wwwwwwwwwwwwwwwwwwwwwwwwwwwwwwwwwwwwwwwwwwwwwwwwwwwwwwwwwwwwwwwwwwwwwwwwwwwwwwwwwwwwwwwwwwwwwwwwwwwwwwwwwwwwwwwwwwwwwwwwwwwwwwwwwwwwwwwwwwwwwwwwwwwwwwwwwwwwwwwwwwwwwwwwwwwwwwwwwwwwwwwwwwwwwwwwwwwwwwwwwwwwwwwwwwwwwwwwwwwwwwwwwwwwwwwwwwwwwwwwwwwwwwwwwwwwwwwwwwwwwwwwwwwwwwwwwwwwwwwwwwwwwwwwwwwwwwwwwwwwwwwwwwwwwwwwwwwwwwwwwwwwwwwwwwwwwwwwwwwwwwwwwwwwwwwwwwwwwwwwwwwwwwwwwwwwwwwwwwwwwwwwwwwwwwwwwwwwwwwwwww","dueDate":"2024-03-15T20:42","priority":"1"}]
20:42:52.833 [http-nio-8080-exec-6] DEBUG o.s.w.f.CommonsRequestLoggingFilter - Before request [GET /tasks]
20:42:52.838 [http-nio-8080-exec-6] DEBUG o.s.w.f.CommonsRequestLoggingFilter - REQUEST DATA: GET /tasks]
20:46:36.652 [http-nio-8080-exec-7] DEBUG o.s.w.f.CommonsRequestLoggingFilter - Before request [POST /tasks]
20:46:36.679 [http-nio-8080-exec-7] DEBUG o.s.w.f.CommonsRequestLoggingFilter - REQUEST DATA: POST /tasks, payload={"name":"Error Handling","description":"Add the Friggn Toast Notifications my dude","dueDate":"2024-03-08T00:00","priority":"5"}]
20:46:36.681 [http-nio-8080-exec-8] DEBUG o.s.w.f.CommonsRequestLoggingFilter - Before request [GET /tasks]
20:46:36.688 [http-nio-8080-exec-8] DEBUG o.s.w.f.CommonsRequestLoggingFilter - REQUEST DATA: GET /tasks]
21:32:26.005 [http-nio-8080-exec-9] DEBUG o.s.w.f.CommonsRequestLoggingFilter - Before request [OPTIONS /tasks]
21:32:26.019 [http-nio-8080-exec-9] DEBUG o.s.w.f.CommonsRequestLoggingFilter - REQUEST DATA: OPTIONS /tasks]
21:32:26.022 [http-nio-8080-exec-2] DEBUG o.s.w.f.CommonsRequestLoggingFilter - Before request [POST /tasks]
21:32:26.036 [http-nio-8080-exec-2] DEBUG o.s.w.f.CommonsRequestLoggingFilter - REQUEST DATA: POST /tasks, payload={"name":"","description":"","dueDate":"","priority":"1"}]
21:32:26.050 [http-nio-8080-exec-1] DEBUG o.s.w.f.CommonsRequestLoggingFilter - Before request [GET /tasks]
21:32:26.064 [http-nio-8080-exec-1] DEBUG o.s.w.f.CommonsRequestLoggingFilter - REQUEST DATA: GET /tasks]
21:33:45.743 [http-nio-8080-exec-3] DEBUG o.s.w.f.CommonsRequestLoggingFilter - Before request [OPTIONS /tasks/38]
21:33:45.748 [http-nio-8080-exec-3] DEBUG o.s.w.f.CommonsRequestLoggingFilter - REQUEST DATA: OPTIONS /tasks/38]
21:33:45.752 [http-nio-8080-exec-6] DEBUG o.s.w.f.CommonsRequestLoggingFilter - Before request [DELETE /tasks/38]
21:33:45.782 [http-nio-8080-exec-6] DEBUG o.s.w.f.CommonsRequestLoggingFilter - REQUEST DATA: DELETE /tasks/38]
21:33:45.789 [http-nio-8080-exec-5] DEBUG o.s.w.f.CommonsRequestLoggingFilter - Before request [GET /tasks]
21:33:45.801 [http-nio-8080-exec-5] DEBUG o.s.w.f.CommonsRequestLoggingFilter - REQUEST DATA: GET /tasks]
